<?xml version="1.0" encoding="UTF-8"?>
<testng-results skipped="0" failed="0" ignored="0" total="1" passed="1">
  <reporter-output>
  </reporter-output>
  <suite name="Default suite" duration-ms="4180" started-at="2023-09-11T00:23:14 IST" finished-at="2023-09-11T00:23:18 IST">
    <groups>
    </groups>
    <test name="Default test" duration-ms="4180" started-at="2023-09-11T00:23:14 IST" finished-at="2023-09-11T00:23:18 IST">
      <class name="com.test.base.APIToCSVTest">
        <test-method status="PASS" signature="exportDataToCSV()[pri:0, instance:com.test.base.APIToCSVTest@3234e239]" name="exportDataToCSV" duration-ms="4133" started-at="2023-09-11T00:23:14 IST" finished-at="2023-09-11T00:23:18 IST">
          <reporter-output>
          </reporter-output>
        </test-method> <!-- exportDataToCSV -->
      </class> <!-- com.test.base.APIToCSVTest -->
    </test> <!-- Default test -->
  </suite> <!-- Default suite -->
</testng-results>
